<?xml version="1.0" encoding="UTF-8"?>
<!-- Generated by org.testng.reporters.JUnitReportReporter -->
<testsuite hostname="LENOVO-PC" name="com.git.GitRepo.Test1" tests="1" failures="0" timestamp="2 Oct 2017 07:04:36 GMT" time="67.614" errors="0">
  <testcase name="launch" time="67.614" classname="com.git.GitRepo.Test1"/>
</testsuite> <!-- com.git.GitRepo.Test1 -->
